<?xml version="1.0" encoding="UTF-8"?>
<!-- Generated by org.testng.reporters.JUnitXMLReporter -->
<testsuite ignored="0" hostname="4fb5f3889e3b596" failures="1" tests="1" name="Test3" time="34.847" errors="0" timestamp="2025-12-05T17:15:46 IST">
  <testcase classname="tc3" name="searchEmployeeTest" time="29.829">
    <failure type="java.lang.AssertionError" message="No search results found expected [true] but found [false]">
      <![CDATA[java.lang.AssertionError: No search results found expected [true] but found [false]
at tc3.searchEmployeeTest(tc3.java:67)
at java.base/java.util.ArrayList.forEach(ArrayList.java:1596)
... Removed 32 stack frames]]>
    </failure>
  </testcase> <!-- searchEmployeeTest -->
</testsuite> <!-- Test3 -->
